<?xml version="1.0" encoding="UTF-8"?>
<!-- Generated by org.testng.reporters.JUnitReportReporter -->
<testsuite hostname="LAPTOP-H6MNQP0B" failures="0" tests="1" name="com.sauce.demo.AddToCarkTC001" time="1.286" errors="0" timestamp="2023-01-22T09:08:08 IST" skipped="0">
  <testcase classname="com.sauce.demo.AddToCarkTC001" name="testLogin" time="1.286"/>
  <system-out/>
</testsuite> <!-- com.sauce.demo.AddToCarkTC001 -->
