<?xml version="1.0" encoding="UTF-8"?>
<!-- Generated by org.testng.reporters.JUnitReportReporter -->
<testsuite hostname="LAPTOP-H6MNQP0B" failures="0" tests="1" name="com.org.framewk.utils.TC001Login" time="23.249" errors="0" timestamp="2023-01-05T14:13:33 IST" skipped="0">
  <testcase classname="com.org.framewk.utils.TC001Login" name="LoginTest" time="23.249"/>
  <system-out/>
</testsuite> <!-- com.org.framewk.utils.TC001Login -->
