<?xml version="1.0" encoding="UTF-8"?>
<!-- Generated by org.testng.reporters.JUnitReportReporter -->
<testsuite hostname="LAPTOP-H6MNQP0B" failures="0" tests="1" name="Test_Int.TOI_Test" time="66.659" errors="0" timestamp="2023-01-10T14:44:51 IST" skipped="0">
  <testcase classname="Test_Int.TOI_Test" name="testTOI" time="66.659"/>
  <system-out/>
</testsuite> <!-- Test_Int.TOI_Test -->
