<?xml version="1.0" encoding="UTF-8"?>
<!-- Generated by org.testng.reporters.JUnitReportReporter -->
<testsuite hostname="LAPTOP-H6MNQP0B" failures="0" tests="2" name="com.sauce.demo.AddToCartTC001" time="21.966" errors="0" timestamp="2023-01-22T13:21:24 IST" skipped="0">
  <testcase classname="com.sauce.demo.AddToCartTC001" name="homePageTest" time="16.300"/>
  <system-out/>
  <testcase classname="com.sauce.demo.AddToCartTC001" name="testLoginForNegative" time="5.666"/>
  <system-out/>
</testsuite> <!-- com.sauce.demo.AddToCartTC001 -->
