<?xml version="1.0" encoding="UTF-8"?>
<!-- Generated by org.testng.reporters.JUnitReportReporter -->
<testsuite hostname="LAPTOP-H6MNQP0B" failures="0" tests="3" name="com.newtest.g1.DataProviderTest" time="0.040" errors="0" timestamp="2023-05-24T18:45:41 IST" skipped="0">
  <testcase classname="com.newtest.g1.DataProviderTest" name="verifyLogin" time="0.004"/>
  <system-out/>
  <testcase classname="com.newtest.g1.DataProviderTest" name="verifyLogin" time="0.006"/>
  <system-out/>
  <testcase classname="com.newtest.g1.DataProviderTest" name="verifyLogin" time="0.030"/>
  <system-out/>
</testsuite> <!-- com.newtest.g1.DataProviderTest -->
