<?xml version="1.0" encoding="UTF-8"?>
<!-- Generated by org.testng.reporters.JUnitReportReporter -->
<testsuite hostname="LAPTOP-H6MNQP0B" failures="0" tests="1" name="practice.more.enhance.TC002" time="21.618" errors="0" timestamp="2023-01-08T09:46:09 IST" skipped="0">
  <testcase classname="practice.more.enhance.TC002" name="tc001" time="21.618"/>
  <system-out/>
</testsuite> <!-- practice.more.enhance.TC002 -->
